
ROM used:   43/8192 (1%)
            43/8192 (1%) including unused fragments

            0.1 Average locations per line
            5.4 Average locations per statement

RAM used:   5/368 (1%) at main() level
            5/368 (1%) worst case

Stack used: 0 worst case (0 in main + 0 for interrupts)
Stack size: 8

Lines Stmts  %   Files
----- ----- ---  -----
   35     8 100  Push Button.c
  810     0   0  ..\..\..\..\..\..\..\..\..\..\Program Files (x86)\PICCDEMO\Devices\16F887.h
----- -----
  845     8 Total

Page ROM  %  RAM    Vol Diff  Functions:
---- --- --- ---    --- ----  ----------
0     39  91    0    125  3.0  main
 Inline         0    125  3.0  @cinit1

Program metrics:
    Functions               2
    Statements              8
    Comments                170
    Volume (V)              309
    Difficulty (D)          5.9
    Effort to implement (E) 1828
    Time to implement (T)   2 minutes
    Est Delivered Bugs (B)  0
    Cyclomatic Complexity   2
    Maintainability (MI)    172

 Segment     Used  Free
-----------  ----  ----
00000-00003     4  0  
00004-007FF    39  2005  
00800-00FFF     0  2048  
01000-017FF     0  2048  
01800-01FFF     0  2048  



