
ROM used:   33/8192 (0%)
            33/8192 (0%) including unused fragments

            0.0 Average locations per line
            4.1 Average locations per statement

RAM used:   5/368 (1%) at main() level
            5/368 (1%) worst case

Stack used: 0 worst case (0 in main + 0 for interrupts)
Stack size: 8

Lines Stmts  %   Files
----- ----- ---  -----
   35     8 100  Push Button.c
  708     0   0  ..\..\..\..\..\..\..\..\..\..\Program Files (x86)\PICCDEMO\Devices\16F877A.h
----- -----
  743     8 Total

Page ROM  %  RAM    Vol Diff  Functions:
---- --- --- ---    --- ----  ----------
0     29  88    0    125  3.0  main
 Inline         0    125  3.0  @cinit1

Program metrics:
    Functions               2
    Statements              8
    Comments                157
    Volume (V)              309
    Difficulty (D)          5.9
    Effort to implement (E) 1828
    Time to implement (T)   2 minutes
    Est Delivered Bugs (B)  0
    Cyclomatic Complexity   2
    Maintainability (MI)    168

 Segment     Used  Free
-----------  ----  ----
00000-00003     4  0  
00004-007FF    29  2015  
00800-00FFF     0  2048  
01000-017FF     0  2048  
01800-01FFF     0  2048  



